  main.c
  Note: including file: C:\Program Files (x86)\Windows Kits\10\Include\10.0.15063.0\ucrt\assert.h
  Note: including file:  C:\Program Files (x86)\Windows Kits\10\Include\10.0.15063.0\ucrt\corecrt.h
  Note: including file:   C:\Program Files (x86)\Microsoft Visual Studio\2017\Community\VC\Tools\MSVC\14.11.25503\include\vcruntime.h
  Note: including file:    C:\Program Files (x86)\Microsoft Visual Studio\2017\Community\VC\Tools\MSVC\14.11.25503\include\sal.h
  Note: including file:     C:\Program Files (x86)\Microsoft Visual Studio\2017\Community\VC\Tools\MSVC\14.11.25503\include\concurrencysal.h
  Note: including file:    C:\Program Files (x86)\Microsoft Visual Studio\2017\Community\VC\Tools\MSVC\14.11.25503\include\vadefs.h
  Note: including file: C:\Program Files (x86)\Microsoft Visual Studio\2017\Community\VC\Tools\MSVC\14.11.25503\include\stdbool.h
  Note: including file: C:\Program Files (x86)\Windows Kits\10\Include\10.0.15063.0\ucrt\stdio.h
  Note: including file:  C:\Program Files (x86)\Windows Kits\10\Include\10.0.15063.0\ucrt\corecrt_wstdio.h
  Note: including file:   C:\Program Files (x86)\Windows Kits\10\Include\10.0.15063.0\ucrt\corecrt_stdio_config.h
  Note: including file: C:\Program Files (x86)\Windows Kits\10\Include\10.0.15063.0\ucrt\stdlib.h
  Note: including file:  C:\Program Files (x86)\Windows Kits\10\Include\10.0.15063.0\ucrt\corecrt_malloc.h
  Note: including file:  C:\Program Files (x86)\Windows Kits\10\Include\10.0.15063.0\ucrt\corecrt_search.h
  Note: including file:   C:\Program Files (x86)\Windows Kits\10\Include\10.0.15063.0\ucrt\stddef.h
  Note: including file:  C:\Program Files (x86)\Windows Kits\10\Include\10.0.15063.0\ucrt\corecrt_wstdlib.h
  Note: including file:  C:\Program Files (x86)\Microsoft Visual Studio\2017\Community\VC\Tools\MSVC\14.11.25503\include\limits.h
  Note: including file:   C:\Program Files (x86)\Microsoft Visual Studio\2017\Community\VC\Tools\MSVC\14.11.25503\include\vcruntime.h
  Note: including file: C:\Program Files (x86)\Windows Kits\10\Include\10.0.15063.0\ucrt\string.h
  Note: including file:  C:\Program Files (x86)\Windows Kits\10\Include\10.0.15063.0\ucrt\corecrt_memory.h
  Note: including file:   C:\Program Files (x86)\Windows Kits\10\Include\10.0.15063.0\ucrt\corecrt_memcpy_s.h
  Note: including file:    C:\Program Files (x86)\Windows Kits\10\Include\10.0.15063.0\ucrt\errno.h
  Note: including file:    C:\Program Files (x86)\Microsoft Visual Studio\2017\Community\VC\Tools\MSVC\14.11.25503\include\vcruntime_string.h
  Note: including file:     C:\Program Files (x86)\Microsoft Visual Studio\2017\Community\VC\Tools\MSVC\14.11.25503\include\vcruntime.h
  Note: including file:  C:\Program Files (x86)\Windows Kits\10\Include\10.0.15063.0\ucrt\corecrt_wstring.h
  Note: including file: C:\Program Files (x86)\Windows Kits\10\Include\10.0.15063.0\ucrt\math.h
  Note: including file:  C:\Program Files (x86)\Windows Kits\10\Include\10.0.15063.0\ucrt\corecrt_math.h
  Note: including file:  C:\Program Files (x86)\Windows Kits\10\Include\10.0.15063.0\ucrt\corecrt_math_defines.h
  Note: including file: C:\Program Files (x86)\Windows Kits\10\Include\10.0.15063.0\ucrt\complex.h
  Note: including file: C:\Program Files (x86)\Windows Kits\10\Include\10.0.15063.0\ucrt\fenv.h
  Note: including file:  C:\Program Files (x86)\Windows Kits\10\Include\10.0.15063.0\ucrt\float.h
  Generating code
  1 of 12 functions ( 8.3%) were compiled, the rest were copied from previous compilation.
    0 functions were new in current compilation
    1 functions had inline decision re-evaluated but remain unchanged
  Finished generating code
  CIS265-16B.vcxproj -> C:\Users\Jim\Documents\Visual Studio 2017\Projects\CIS265\CIS265-16B\Release\CIS265-16B.exe
